🚀 Starting MongoDB to PostgreSQL ETL Migration...
Cleaning target Postgres definitions...
Cleaned!
Migrating 1 Companies...
Migrating 3 Services...
Migrating 1 Users...
Migrating 1 Outlets...
Migrated 5 embedded Resources.
Migrating 0 Staff...
Migrating 41 Customers...
Migrating 41 Bookings...
Migrated 41 M-M Booking-Service bindings.
Migrating 0 Transactions...
Migrating 4 HITL Reports...
Migrating 8 Products...
Traceback (most recent call last):
  File "/Users/joshua.lawrence/Documents/Riserve-v8-main/backend/venv/lib/python3.13/site-packages/sqlalchemy/dialects/postgresql/asyncpg.py", line 578, in _executemany
    return await self._connection.executemany(
           ^^^^^^^^^^^^^^^^^^^^^^^^^^^^^^^^^^^
        operation, seq_of_parameters
        ^^^^^^^^^^^^^^^^^^^^^^^^^^^^
    )
    ^
  File "/Users/joshua.lawrence/Documents/Riserve-v8-main/backend/venv/lib/python3.13/site-packages/asyncpg/connection.py", line 401, in executemany
    return await self._executemany(command, args, timeout)
           ^^^^^^^^^^^^^^^^^^^^^^^^^^^^^^^^^^^^^^^^^^^^^^^
  File "/Users/joshua.lawrence/Documents/Riserve-v8-main/backend/venv/lib/python3.13/site-packages/asyncpg/connection.py", line 1997, in _executemany
    result, _ = await self._do_execute(
                ^^^^^^^^^^^^^^^^^^^^^^^
        query, executor, timeout, record_class=record_class
        ^^^^^^^^^^^^^^^^^^^^^^^^^^^^^^^^^^^^^^^^^^^^^^^^^^^
    )
    ^
  File "/Users/joshua.lawrence/Documents/Riserve-v8-main/backend/venv/lib/python3.13/site-packages/asyncpg/connection.py", line 2033, in _do_execute
    result = await executor(stmt, None)
             ^^^^^^^^^^^^^^^^^^^^^^^^^^
  File "asyncpg/protocol/protocol.pyx", line 266, in bind_execute_many
asyncpg.exceptions.ForeignKeyViolationError: insert or update on table "products" violates foreign key constraint "products_company_id_fkey"
DETAIL:  Key (company_id)=(ac712377-c8fb-45cc-91bb-fa25f8b8de35) is not present in table "companies".

The above exception was the direct cause of the following exception:

Traceback (most recent call last):
  File "/Users/joshua.lawrence/Documents/Riserve-v8-main/backend/venv/lib/python3.13/site-packages/sqlalchemy/engine/base.py", line 1936, in _exec_single_context
    self.dialect.do_executemany(
    ~~~~~~~~~~~~~~~~~~~~~~~~~~~^
        cursor,
        ^^^^^^^
    ...<2 lines>...
        context,
        ^^^^^^^^
    )
    ^
  File "/Users/joshua.lawrence/Documents/Riserve-v8-main/backend/venv/lib/python3.13/site-packages/sqlalchemy/engine/default.py", line 949, in do_executemany
    cursor.executemany(statement, parameters)
    ~~~~~~~~~~~~~~~~~~^^^^^^^^^^^^^^^^^^^^^^^
  File "/Users/joshua.lawrence/Documents/Riserve-v8-main/backend/venv/lib/python3.13/site-packages/sqlalchemy/dialects/postgresql/asyncpg.py", line 590, in executemany
    return self._adapt_connection.await_(
           ~~~~~~~~~~~~~~~~~~~~~~~~~~~~~^
        self._executemany(operation, seq_of_parameters)
        ^^^^^^^^^^^^^^^^^^^^^^^^^^^^^^^^^^^^^^^^^^^^^^^
    )
    ^
  File "/Users/joshua.lawrence/Documents/Riserve-v8-main/backend/venv/lib/python3.13/site-packages/sqlalchemy/util/_concurrency_py3k.py", line 132, in await_only
    return current.parent.switch(awaitable)  # type: ignore[no-any-return,attr-defined] # noqa: E501
           ~~~~~~~~~~~~~~~~~~~~~^^^^^^^^^^^
  File "/Users/joshua.lawrence/Documents/Riserve-v8-main/backend/venv/lib/python3.13/site-packages/sqlalchemy/util/_concurrency_py3k.py", line 196, in greenlet_spawn
    value = await result
            ^^^^^^^^^^^^
  File "/Users/joshua.lawrence/Documents/Riserve-v8-main/backend/venv/lib/python3.13/site-packages/sqlalchemy/dialects/postgresql/asyncpg.py", line 582, in _executemany
    self._handle_exception(error)
    ~~~~~~~~~~~~~~~~~~~~~~^^^^^^^
  File "/Users/joshua.lawrence/Documents/Riserve-v8-main/backend/venv/lib/python3.13/site-packages/sqlalchemy/dialects/postgresql/asyncpg.py", line 513, in _handle_exception
    self._adapt_connection._handle_exception(error)
    ~~~~~~~~~~~~~~~~~~~~~~~~~~~~~~~~~~~~~~~~^^^^^^^
  File "/Users/joshua.lawrence/Documents/Riserve-v8-main/backend/venv/lib/python3.13/site-packages/sqlalchemy/dialects/postgresql/asyncpg.py", line 797, in _handle_exception
    raise translated_error from error
sqlalchemy.dialects.postgresql.asyncpg.AsyncAdapt_asyncpg_dbapi.IntegrityError: <class 'asyncpg.exceptions.ForeignKeyViolationError'>: insert or update on table "products" violates foreign key constraint "products_company_id_fkey"
DETAIL:  Key (company_id)=(ac712377-c8fb-45cc-91bb-fa25f8b8de35) is not present in table "companies".

The above exception was the direct cause of the following exception:

Traceback (most recent call last):
  File "/Users/joshua.lawrence/Documents/Riserve-v8-main/backend/mongo_to_postgres.py", line 527, in <module>
    asyncio.run(migrate_data())
    ~~~~~~~~~~~^^^^^^^^^^^^^^^^
  File "/opt/homebrew/Cellar/python@3.13/3.13.2/Frameworks/Python.framework/Versions/3.13/lib/python3.13/asyncio/runners.py", line 195, in run
    return runner.run(main)
           ~~~~~~~~~~^^^^^^
  File "/opt/homebrew/Cellar/python@3.13/3.13.2/Frameworks/Python.framework/Versions/3.13/lib/python3.13/asyncio/runners.py", line 118, in run
    return self._loop.run_until_complete(task)
           ~~~~~~~~~~~~~~~~~~~~~~~~~~~~~^^^^^^
  File "/opt/homebrew/Cellar/python@3.13/3.13.2/Frameworks/Python.framework/Versions/3.13/lib/python3.13/asyncio/base_events.py", line 725, in run_until_complete
    return future.result()
           ~~~~~~~~~~~~~^^
  File "/Users/joshua.lawrence/Documents/Riserve-v8-main/backend/mongo_to_postgres.py", line 283, in migrate_data
    await session.commit()
  File "/Users/joshua.lawrence/Documents/Riserve-v8-main/backend/venv/lib/python3.13/site-packages/sqlalchemy/ext/asyncio/session.py", line 1000, in commit
    await greenlet_spawn(self.sync_session.commit)
  File "/Users/joshua.lawrence/Documents/Riserve-v8-main/backend/venv/lib/python3.13/site-packages/sqlalchemy/util/_concurrency_py3k.py", line 203, in greenlet_spawn
    result = context.switch(value)
  File "/Users/joshua.lawrence/Documents/Riserve-v8-main/backend/venv/lib/python3.13/site-packages/sqlalchemy/orm/session.py", line 2030, in commit
    trans.commit(_to_root=True)
    ~~~~~~~~~~~~^^^^^^^^^^^^^^^
  File "<string>", line 2, in commit
  File "/Users/joshua.lawrence/Documents/Riserve-v8-main/backend/venv/lib/python3.13/site-packages/sqlalchemy/orm/state_changes.py", line 137, in _go
    ret_value = fn(self, *arg, **kw)
  File "/Users/joshua.lawrence/Documents/Riserve-v8-main/backend/venv/lib/python3.13/site-packages/sqlalchemy/orm/session.py", line 1311, in commit
    self._prepare_impl()
    ~~~~~~~~~~~~~~~~~~^^
  File "<string>", line 2, in _prepare_impl
  File "/Users/joshua.lawrence/Documents/Riserve-v8-main/backend/venv/lib/python3.13/site-packages/sqlalchemy/orm/state_changes.py", line 137, in _go
    ret_value = fn(self, *arg, **kw)
  File "/Users/joshua.lawrence/Documents/Riserve-v8-main/backend/venv/lib/python3.13/site-packages/sqlalchemy/orm/session.py", line 1286, in _prepare_impl
    self.session.flush()
    ~~~~~~~~~~~~~~~~~~^^
  File "/Users/joshua.lawrence/Documents/Riserve-v8-main/backend/venv/lib/python3.13/site-packages/sqlalchemy/orm/session.py", line 4331, in flush
    self._flush(objects)
    ~~~~~~~~~~~^^^^^^^^^
  File "/Users/joshua.lawrence/Documents/Riserve-v8-main/backend/venv/lib/python3.13/site-packages/sqlalchemy/orm/session.py", line 4466, in _flush
    with util.safe_reraise():
         ~~~~~~~~~~~~~~~~~^^
  File "/Users/joshua.lawrence/Documents/Riserve-v8-main/backend/venv/lib/python3.13/site-packages/sqlalchemy/util/langhelpers.py", line 224, in __exit__
    raise exc_value.with_traceback(exc_tb)
  File "/Users/joshua.lawrence/Documents/Riserve-v8-main/backend/venv/lib/python3.13/site-packages/sqlalchemy/orm/session.py", line 4427, in _flush
    flush_context.execute()
    ~~~~~~~~~~~~~~~~~~~~~^^
  File "/Users/joshua.lawrence/Documents/Riserve-v8-main/backend/venv/lib/python3.13/site-packages/sqlalchemy/orm/unitofwork.py", line 466, in execute
    rec.execute(self)
    ~~~~~~~~~~~^^^^^^
  File "/Users/joshua.lawrence/Documents/Riserve-v8-main/backend/venv/lib/python3.13/site-packages/sqlalchemy/orm/unitofwork.py", line 642, in execute
    util.preloaded.orm_persistence.save_obj(
    ~~~~~~~~~~~~~~~~~~~~~~~~~~~~~~~~~~~~~~~^
        self.mapper,
        ^^^^^^^^^^^^
        uow.states_for_mapper_hierarchy(self.mapper, False, False),
        ^^^^^^^^^^^^^^^^^^^^^^^^^^^^^^^^^^^^^^^^^^^^^^^^^^^^^^^^^^^
        uow,
        ^^^^
    )
    ^
  File "/Users/joshua.lawrence/Documents/Riserve-v8-main/backend/venv/lib/python3.13/site-packages/sqlalchemy/orm/persistence.py", line 93, in save_obj
    _emit_insert_statements(
    ~~~~~~~~~~~~~~~~~~~~~~~^
        base_mapper,
        ^^^^^^^^^^^^
    ...<3 lines>...
        insert,
        ^^^^^^^
    )
    ^
  File "/Users/joshua.lawrence/Documents/Riserve-v8-main/backend/venv/lib/python3.13/site-packages/sqlalchemy/orm/persistence.py", line 1048, in _emit_insert_statements
    result = connection.execute(
        statement, multiparams, execution_options=execution_options
    )
  File "/Users/joshua.lawrence/Documents/Riserve-v8-main/backend/venv/lib/python3.13/site-packages/sqlalchemy/engine/base.py", line 1419, in execute
    return meth(
        self,
        distilled_parameters,
        execution_options or NO_OPTIONS,
    )
  File "/Users/joshua.lawrence/Documents/Riserve-v8-main/backend/venv/lib/python3.13/site-packages/sqlalchemy/sql/elements.py", line 527, in _execute_on_connection
    return connection._execute_clauseelement(
           ~~~~~~~~~~~~~~~~~~~~~~~~~~~~~~~~~^
        self, distilled_params, execution_options
        ^^^^^^^^^^^^^^^^^^^^^^^^^^^^^^^^^^^^^^^^^
    )
    ^
  File "/Users/joshua.lawrence/Documents/Riserve-v8-main/backend/venv/lib/python3.13/site-packages/sqlalchemy/engine/base.py", line 1641, in _execute_clauseelement
    ret = self._execute_context(
        dialect,
    ...<8 lines>...
        cache_hit=cache_hit,
    )
  File "/Users/joshua.lawrence/Documents/Riserve-v8-main/backend/venv/lib/python3.13/site-packages/sqlalchemy/engine/base.py", line 1846, in _execute_context
    return self._exec_single_context(
           ~~~~~~~~~~~~~~~~~~~~~~~~~^
        dialect, context, statement, parameters
        ^^^^^^^^^^^^^^^^^^^^^^^^^^^^^^^^^^^^^^^
    )
    ^
  File "/Users/joshua.lawrence/Documents/Riserve-v8-main/backend/venv/lib/python3.13/site-packages/sqlalchemy/engine/base.py", line 1986, in _exec_single_context
    self._handle_dbapi_exception(
    ~~~~~~~~~~~~~~~~~~~~~~~~~~~~^
        e, str_statement, effective_parameters, cursor, context
        ^^^^^^^^^^^^^^^^^^^^^^^^^^^^^^^^^^^^^^^^^^^^^^^^^^^^^^^
    )
    ^
  File "/Users/joshua.lawrence/Documents/Riserve-v8-main/backend/venv/lib/python3.13/site-packages/sqlalchemy/engine/base.py", line 2363, in _handle_dbapi_exception
    raise sqlalchemy_exception.with_traceback(exc_info[2]) from e
  File "/Users/joshua.lawrence/Documents/Riserve-v8-main/backend/venv/lib/python3.13/site-packages/sqlalchemy/engine/base.py", line 1936, in _exec_single_context
    self.dialect.do_executemany(
    ~~~~~~~~~~~~~~~~~~~~~~~~~~~^
        cursor,
        ^^^^^^^
    ...<2 lines>...
        context,
        ^^^^^^^^
    )
    ^
  File "/Users/joshua.lawrence/Documents/Riserve-v8-main/backend/venv/lib/python3.13/site-packages/sqlalchemy/engine/default.py", line 949, in do_executemany
    cursor.executemany(statement, parameters)
    ~~~~~~~~~~~~~~~~~~^^^^^^^^^^^^^^^^^^^^^^^
  File "/Users/joshua.lawrence/Documents/Riserve-v8-main/backend/venv/lib/python3.13/site-packages/sqlalchemy/dialects/postgresql/asyncpg.py", line 590, in executemany
    return self._adapt_connection.await_(
           ~~~~~~~~~~~~~~~~~~~~~~~~~~~~~^
        self._executemany(operation, seq_of_parameters)
        ^^^^^^^^^^^^^^^^^^^^^^^^^^^^^^^^^^^^^^^^^^^^^^^
    )
    ^
  File "/Users/joshua.lawrence/Documents/Riserve-v8-main/backend/venv/lib/python3.13/site-packages/sqlalchemy/util/_concurrency_py3k.py", line 132, in await_only
    return current.parent.switch(awaitable)  # type: ignore[no-any-return,attr-defined] # noqa: E501
           ~~~~~~~~~~~~~~~~~~~~~^^^^^^^^^^^
  File "/Users/joshua.lawrence/Documents/Riserve-v8-main/backend/venv/lib/python3.13/site-packages/sqlalchemy/util/_concurrency_py3k.py", line 196, in greenlet_spawn
    value = await result
            ^^^^^^^^^^^^
  File "/Users/joshua.lawrence/Documents/Riserve-v8-main/backend/venv/lib/python3.13/site-packages/sqlalchemy/dialects/postgresql/asyncpg.py", line 582, in _executemany
    self._handle_exception(error)
    ~~~~~~~~~~~~~~~~~~~~~~^^^^^^^
  File "/Users/joshua.lawrence/Documents/Riserve-v8-main/backend/venv/lib/python3.13/site-packages/sqlalchemy/dialects/postgresql/asyncpg.py", line 513, in _handle_exception
    self._adapt_connection._handle_exception(error)
    ~~~~~~~~~~~~~~~~~~~~~~~~~~~~~~~~~~~~~~~~^^^^^^^
  File "/Users/joshua.lawrence/Documents/Riserve-v8-main/backend/venv/lib/python3.13/site-packages/sqlalchemy/dialects/postgresql/asyncpg.py", line 797, in _handle_exception
    raise translated_error from error
sqlalchemy.exc.IntegrityError: (sqlalchemy.dialects.postgresql.asyncpg.IntegrityError) <class 'asyncpg.exceptions.ForeignKeyViolationError'>: insert or update on table "products" violates foreign key constraint "products_company_id_fkey"
DETAIL:  Key (company_id)=(ac712377-c8fb-45cc-91bb-fa25f8b8de35) is not present in table "companies".
[SQL: INSERT INTO products (id, company_id, outlet_id, name, sku, category, description, price, cost, stock_quantity, reorder_level, is_addon, active, created_at, updated_at) VALUES ($1::VARCHAR, $2::VARCHAR, $3::VARCHAR, $4::VARCHAR, $5::VARCHAR, $6::VARCHAR, $7::VARCHAR, $8::NUMERIC(10, 2), $9::NUMERIC(10, 2), $10::INTEGER, $11::INTEGER, $12::BOOLEAN, $13::BOOLEAN, $14::TIMESTAMP WITH TIME ZONE, $15::TIMESTAMP WITH TIME ZONE)]
[parameters: [('65b0302b-ee33-4d37-9ebc-74b4bc7ddb26', 'ac712377-c8fb-45cc-91bb-fa25f8b8de35', None, 'Classic White Crew Neck', 'TS-MW-100', 'general', 'Essential white cotton t-shirt.', 24.99, 0, 2, 10, True, True, datetime.datetime(2026, 2, 21, 4, 34, 51, 553204), datetime.datetime(2026, 3, 2, 4, 10, 51, 542991, tzinfo=datetime.timezone.utc)), ('e2b597b2-094d-4abe-9d25-c2552bbc6528', 'ac712377-c8fb-45cc-91bb-fa25f8b8de35', None, 'Graphic Print Tee - Vintage', 'TS-MG-101', 'general', 'Vintage logo print t-shirt in washed black.', 34.99, 0, 75, 10, True, True, datetime.datetime(2026, 2, 21, 4, 34, 51, 553219), datetime.datetime(2026, 3, 2, 4, 10, 51, 542994, tzinfo=datetime.timezone.utc)), ('b3e54a2f-2acf-4599-b3d2-f76f67510e1b', 'ac712377-c8fb-45cc-91bb-fa25f8b8de35', None, 'Floral Summer Midi Dress', 'DR-WF-200', 'general', 'Lightweight summer dress with floral pattern.', 89.99, 0, 40, 10, True, True, datetime.datetime(2026, 2, 21, 4, 34, 51, 553228), datetime.datetime(2026, 3, 2, 4, 10, 51, 542994, tzinfo=datetime.timezone.utc)), ('7bf0eb4b-677d-4cf5-8e2b-380a542786a1', 'ac712377-c8fb-45cc-91bb-fa25f8b8de35', None, 'Evening Slip Dress - Black', 'DR-WB-201', 'general', 'Elegant silk slip dress for evening wear.', 120.0, 0, 25, 10, True, True, datetime.datetime(2026, 2, 21, 4, 34, 51, 553238), datetime.datetime(2026, 3, 2, 4, 10, 51, 542995, tzinfo=datetime.timezone.utc)), ('da62164d-fb55-45d0-aba8-b8fbe6f5629b', 'ac712377-c8fb-45cc-91bb-fa25f8b8de35', None, 'Leather Crossbody Bag', 'AC-LB-300', 'general', 'Genuine leather everyday crossbody.', 150.0, 0, 30, 10, True, True, datetime.datetime(2026, 2, 21, 4, 34, 51, 553300), datetime.datetime(2026, 3, 2, 4, 10, 51, 542995, tzinfo=datetime.timezone.utc)), ('269e694c-2061-4986-a056-06a555d28297', 'ac712377-c8fb-45cc-91bb-fa25f8b8de35', None, 'Classic Wool Fedora', 'AC-WH-301', 'general', '100% wool fedora in camel.', 45.0, 0, 45, 10, True, True, datetime.datetime(2026, 2, 21, 4, 34, 51, 553314), datetime.datetime(2026, 3, 2, 4, 10, 51, 542995, tzinfo=datetime.timezone.utc)), ('ede5e0fe-2596-4deb-ad89-939d8746368a', 'ac712377-c8fb-45cc-91bb-fa25f8b8de35', None, 'Canvas High-Top Sneakers', 'FW-CS-400', 'general', 'Classic canvas high tops in white.', 65.0, 0, 80, 10, True, True, datetime.datetime(2026, 2, 21, 4, 34, 51, 553323), datetime.datetime(2026, 3, 2, 4, 10, 51, 542996, tzinfo=datetime.timezone.utc)), ('b8ad1159-d56f-473b-9277-433e268e79ca', 'ac712377-c8fb-45cc-91bb-fa25f8b8de35', None, 'Leather Chelsea Boots', 'FW-LB-401', 'general', 'Sleek black leather chelsea boots.', 180.0, 0, 35, 10, True, True, datetime.datetime(2026, 2, 21, 4, 34, 51, 553336), datetime.datetime(2026, 3, 2, 4, 10, 51, 542996, tzinfo=datetime.timezone.utc))]]
(Background on this error at: https://sqlalche.me/e/20/gkpj)
