🚀 Starting MongoDB to PostgreSQL ETL Migration...
Cleaning target Postgres definitions...
Cleaned!
Migrating 1 Companies...
Migrating 3 Services...
Migrating 1 Users...
Migrating 1 Outlets...
Migrated 5 embedded Resources.
Migrating 0 Staff...
Migrating 41 Customers...
Migrating 41 Bookings...
Traceback (most recent call last):
  File "asyncpg/protocol/prepared_stmt.pyx", line 175, in asyncpg.protocol.protocol.PreparedStatementState._encode_bind_msg
  File "asyncpg/protocol/codecs/base.pyx", line 251, in asyncpg.protocol.protocol.Codec.encode
  File "asyncpg/protocol/codecs/base.pyx", line 153, in asyncpg.protocol.protocol.Codec.encode_scalar
  File "asyncpg/pgproto/codecs/datetime.pyx", line 97, in asyncpg.pgproto.pgproto.date_encode
AttributeError: 'str' object has no attribute 'toordinal'

The above exception was the direct cause of the following exception:

Traceback (most recent call last):
  File "/Users/joshua.lawrence/Documents/Riserve-v8-main/backend/venv/lib/python3.13/site-packages/sqlalchemy/dialects/postgresql/asyncpg.py", line 578, in _executemany
    return await self._connection.executemany(
           ^^^^^^^^^^^^^^^^^^^^^^^^^^^^^^^^^^^
        operation, seq_of_parameters
        ^^^^^^^^^^^^^^^^^^^^^^^^^^^^
    )
    ^
  File "/Users/joshua.lawrence/Documents/Riserve-v8-main/backend/venv/lib/python3.13/site-packages/asyncpg/connection.py", line 401, in executemany
    return await self._executemany(command, args, timeout)
           ^^^^^^^^^^^^^^^^^^^^^^^^^^^^^^^^^^^^^^^^^^^^^^^
  File "/Users/joshua.lawrence/Documents/Riserve-v8-main/backend/venv/lib/python3.13/site-packages/asyncpg/connection.py", line 1997, in _executemany
    result, _ = await self._do_execute(
                ^^^^^^^^^^^^^^^^^^^^^^^
        query, executor, timeout, record_class=record_class
        ^^^^^^^^^^^^^^^^^^^^^^^^^^^^^^^^^^^^^^^^^^^^^^^^^^^
    )
    ^
  File "/Users/joshua.lawrence/Documents/Riserve-v8-main/backend/venv/lib/python3.13/site-packages/asyncpg/connection.py", line 2033, in _do_execute
    result = await executor(stmt, None)
             ^^^^^^^^^^^^^^^^^^^^^^^^^^
  File "asyncpg/protocol/protocol.pyx", line 266, in bind_execute_many
  File "asyncpg/protocol/coreproto.pyx", line 1054, in asyncpg.protocol.protocol.CoreProtocol._bind_execute_many_more
  File "asyncpg/protocol/protocol.pyx", line 228, in genexpr
  File "asyncpg/protocol/prepared_stmt.pyx", line 204, in asyncpg.protocol.protocol.PreparedStatementState._encode_bind_msg
asyncpg.exceptions.DataError: invalid input for query argument $12 in element #0 of executemany() sequence: '2026-03-02' ('str' object has no attribute 'toordinal')

The above exception was the direct cause of the following exception:

Traceback (most recent call last):
  File "/Users/joshua.lawrence/Documents/Riserve-v8-main/backend/venv/lib/python3.13/site-packages/sqlalchemy/engine/base.py", line 1936, in _exec_single_context
    self.dialect.do_executemany(
    ~~~~~~~~~~~~~~~~~~~~~~~~~~~^
        cursor,
        ^^^^^^^
    ...<2 lines>...
        context,
        ^^^^^^^^
    )
    ^
  File "/Users/joshua.lawrence/Documents/Riserve-v8-main/backend/venv/lib/python3.13/site-packages/sqlalchemy/engine/default.py", line 949, in do_executemany
    cursor.executemany(statement, parameters)
    ~~~~~~~~~~~~~~~~~~^^^^^^^^^^^^^^^^^^^^^^^
  File "/Users/joshua.lawrence/Documents/Riserve-v8-main/backend/venv/lib/python3.13/site-packages/sqlalchemy/dialects/postgresql/asyncpg.py", line 590, in executemany
    return self._adapt_connection.await_(
           ~~~~~~~~~~~~~~~~~~~~~~~~~~~~~^
        self._executemany(operation, seq_of_parameters)
        ^^^^^^^^^^^^^^^^^^^^^^^^^^^^^^^^^^^^^^^^^^^^^^^
    )
    ^
  File "/Users/joshua.lawrence/Documents/Riserve-v8-main/backend/venv/lib/python3.13/site-packages/sqlalchemy/util/_concurrency_py3k.py", line 132, in await_only
    return current.parent.switch(awaitable)  # type: ignore[no-any-return,attr-defined] # noqa: E501
           ~~~~~~~~~~~~~~~~~~~~~^^^^^^^^^^^
  File "/Users/joshua.lawrence/Documents/Riserve-v8-main/backend/venv/lib/python3.13/site-packages/sqlalchemy/util/_concurrency_py3k.py", line 196, in greenlet_spawn
    value = await result
            ^^^^^^^^^^^^
  File "/Users/joshua.lawrence/Documents/Riserve-v8-main/backend/venv/lib/python3.13/site-packages/sqlalchemy/dialects/postgresql/asyncpg.py", line 582, in _executemany
    self._handle_exception(error)
    ~~~~~~~~~~~~~~~~~~~~~~^^^^^^^
  File "/Users/joshua.lawrence/Documents/Riserve-v8-main/backend/venv/lib/python3.13/site-packages/sqlalchemy/dialects/postgresql/asyncpg.py", line 513, in _handle_exception
    self._adapt_connection._handle_exception(error)
    ~~~~~~~~~~~~~~~~~~~~~~~~~~~~~~~~~~~~~~~~^^^^^^^
  File "/Users/joshua.lawrence/Documents/Riserve-v8-main/backend/venv/lib/python3.13/site-packages/sqlalchemy/dialects/postgresql/asyncpg.py", line 797, in _handle_exception
    raise translated_error from error
sqlalchemy.dialects.postgresql.asyncpg.AsyncAdapt_asyncpg_dbapi.Error: <class 'asyncpg.exceptions.DataError'>: invalid input for query argument $12 in element #0 of executemany() sequence: '2026-03-02' ('str' object has no attribute 'toordinal')

The above exception was the direct cause of the following exception:

Traceback (most recent call last):
  File "/Users/joshua.lawrence/Documents/Riserve-v8-main/backend/mongo_to_postgres.py", line 523, in <module>
    asyncio.run(migrate_data())
    ~~~~~~~~~~~^^^^^^^^^^^^^^^^
  File "/opt/homebrew/Cellar/python@3.13/3.13.2/Frameworks/Python.framework/Versions/3.13/lib/python3.13/asyncio/runners.py", line 195, in run
    return runner.run(main)
           ~~~~~~~~~~^^^^^^
  File "/opt/homebrew/Cellar/python@3.13/3.13.2/Frameworks/Python.framework/Versions/3.13/lib/python3.13/asyncio/runners.py", line 118, in run
    return self._loop.run_until_complete(task)
           ~~~~~~~~~~~~~~~~~~~~~~~~~~~~~^^^^^^
  File "/opt/homebrew/Cellar/python@3.13/3.13.2/Frameworks/Python.framework/Versions/3.13/lib/python3.13/asyncio/base_events.py", line 725, in run_until_complete
    return future.result()
           ~~~~~~~~~~~~~^^
  File "/Users/joshua.lawrence/Documents/Riserve-v8-main/backend/mongo_to_postgres.py", line 206, in migrate_data
    await session.commit()
  File "/Users/joshua.lawrence/Documents/Riserve-v8-main/backend/venv/lib/python3.13/site-packages/sqlalchemy/ext/asyncio/session.py", line 1000, in commit
    await greenlet_spawn(self.sync_session.commit)
  File "/Users/joshua.lawrence/Documents/Riserve-v8-main/backend/venv/lib/python3.13/site-packages/sqlalchemy/util/_concurrency_py3k.py", line 203, in greenlet_spawn
    result = context.switch(value)
  File "/Users/joshua.lawrence/Documents/Riserve-v8-main/backend/venv/lib/python3.13/site-packages/sqlalchemy/orm/session.py", line 2030, in commit
    trans.commit(_to_root=True)
    ~~~~~~~~~~~~^^^^^^^^^^^^^^^
  File "<string>", line 2, in commit
  File "/Users/joshua.lawrence/Documents/Riserve-v8-main/backend/venv/lib/python3.13/site-packages/sqlalchemy/orm/state_changes.py", line 137, in _go
    ret_value = fn(self, *arg, **kw)
  File "/Users/joshua.lawrence/Documents/Riserve-v8-main/backend/venv/lib/python3.13/site-packages/sqlalchemy/orm/session.py", line 1311, in commit
    self._prepare_impl()
    ~~~~~~~~~~~~~~~~~~^^
  File "<string>", line 2, in _prepare_impl
  File "/Users/joshua.lawrence/Documents/Riserve-v8-main/backend/venv/lib/python3.13/site-packages/sqlalchemy/orm/state_changes.py", line 137, in _go
    ret_value = fn(self, *arg, **kw)
  File "/Users/joshua.lawrence/Documents/Riserve-v8-main/backend/venv/lib/python3.13/site-packages/sqlalchemy/orm/session.py", line 1286, in _prepare_impl
    self.session.flush()
    ~~~~~~~~~~~~~~~~~~^^
  File "/Users/joshua.lawrence/Documents/Riserve-v8-main/backend/venv/lib/python3.13/site-packages/sqlalchemy/orm/session.py", line 4331, in flush
    self._flush(objects)
    ~~~~~~~~~~~^^^^^^^^^
  File "/Users/joshua.lawrence/Documents/Riserve-v8-main/backend/venv/lib/python3.13/site-packages/sqlalchemy/orm/session.py", line 4466, in _flush
    with util.safe_reraise():
         ~~~~~~~~~~~~~~~~~^^
  File "/Users/joshua.lawrence/Documents/Riserve-v8-main/backend/venv/lib/python3.13/site-packages/sqlalchemy/util/langhelpers.py", line 224, in __exit__
    raise exc_value.with_traceback(exc_tb)
  File "/Users/joshua.lawrence/Documents/Riserve-v8-main/backend/venv/lib/python3.13/site-packages/sqlalchemy/orm/session.py", line 4427, in _flush
    flush_context.execute()
    ~~~~~~~~~~~~~~~~~~~~~^^
  File "/Users/joshua.lawrence/Documents/Riserve-v8-main/backend/venv/lib/python3.13/site-packages/sqlalchemy/orm/unitofwork.py", line 466, in execute
    rec.execute(self)
    ~~~~~~~~~~~^^^^^^
  File "/Users/joshua.lawrence/Documents/Riserve-v8-main/backend/venv/lib/python3.13/site-packages/sqlalchemy/orm/unitofwork.py", line 642, in execute
    util.preloaded.orm_persistence.save_obj(
    ~~~~~~~~~~~~~~~~~~~~~~~~~~~~~~~~~~~~~~~^
        self.mapper,
        ^^^^^^^^^^^^
        uow.states_for_mapper_hierarchy(self.mapper, False, False),
        ^^^^^^^^^^^^^^^^^^^^^^^^^^^^^^^^^^^^^^^^^^^^^^^^^^^^^^^^^^^
        uow,
        ^^^^
    )
    ^
  File "/Users/joshua.lawrence/Documents/Riserve-v8-main/backend/venv/lib/python3.13/site-packages/sqlalchemy/orm/persistence.py", line 93, in save_obj
    _emit_insert_statements(
    ~~~~~~~~~~~~~~~~~~~~~~~^
        base_mapper,
        ^^^^^^^^^^^^
    ...<3 lines>...
        insert,
        ^^^^^^^
    )
    ^
  File "/Users/joshua.lawrence/Documents/Riserve-v8-main/backend/venv/lib/python3.13/site-packages/sqlalchemy/orm/persistence.py", line 1048, in _emit_insert_statements
    result = connection.execute(
        statement, multiparams, execution_options=execution_options
    )
  File "/Users/joshua.lawrence/Documents/Riserve-v8-main/backend/venv/lib/python3.13/site-packages/sqlalchemy/engine/base.py", line 1419, in execute
    return meth(
        self,
        distilled_parameters,
        execution_options or NO_OPTIONS,
    )
  File "/Users/joshua.lawrence/Documents/Riserve-v8-main/backend/venv/lib/python3.13/site-packages/sqlalchemy/sql/elements.py", line 527, in _execute_on_connection
    return connection._execute_clauseelement(
           ~~~~~~~~~~~~~~~~~~~~~~~~~~~~~~~~~^
        self, distilled_params, execution_options
        ^^^^^^^^^^^^^^^^^^^^^^^^^^^^^^^^^^^^^^^^^
    )
    ^
  File "/Users/joshua.lawrence/Documents/Riserve-v8-main/backend/venv/lib/python3.13/site-packages/sqlalchemy/engine/base.py", line 1641, in _execute_clauseelement
    ret = self._execute_context(
        dialect,
    ...<8 lines>...
        cache_hit=cache_hit,
    )
  File "/Users/joshua.lawrence/Documents/Riserve-v8-main/backend/venv/lib/python3.13/site-packages/sqlalchemy/engine/base.py", line 1846, in _execute_context
    return self._exec_single_context(
           ~~~~~~~~~~~~~~~~~~~~~~~~~^
        dialect, context, statement, parameters
        ^^^^^^^^^^^^^^^^^^^^^^^^^^^^^^^^^^^^^^^
    )
    ^
  File "/Users/joshua.lawrence/Documents/Riserve-v8-main/backend/venv/lib/python3.13/site-packages/sqlalchemy/engine/base.py", line 1986, in _exec_single_context
    self._handle_dbapi_exception(
    ~~~~~~~~~~~~~~~~~~~~~~~~~~~~^
        e, str_statement, effective_parameters, cursor, context
        ^^^^^^^^^^^^^^^^^^^^^^^^^^^^^^^^^^^^^^^^^^^^^^^^^^^^^^^
    )
    ^
  File "/Users/joshua.lawrence/Documents/Riserve-v8-main/backend/venv/lib/python3.13/site-packages/sqlalchemy/engine/base.py", line 2363, in _handle_dbapi_exception
    raise sqlalchemy_exception.with_traceback(exc_info[2]) from e
  File "/Users/joshua.lawrence/Documents/Riserve-v8-main/backend/venv/lib/python3.13/site-packages/sqlalchemy/engine/base.py", line 1936, in _exec_single_context
    self.dialect.do_executemany(
    ~~~~~~~~~~~~~~~~~~~~~~~~~~~^
        cursor,
        ^^^^^^^
    ...<2 lines>...
        context,
        ^^^^^^^^
    )
    ^
  File "/Users/joshua.lawrence/Documents/Riserve-v8-main/backend/venv/lib/python3.13/site-packages/sqlalchemy/engine/default.py", line 949, in do_executemany
    cursor.executemany(statement, parameters)
    ~~~~~~~~~~~~~~~~~~^^^^^^^^^^^^^^^^^^^^^^^
  File "/Users/joshua.lawrence/Documents/Riserve-v8-main/backend/venv/lib/python3.13/site-packages/sqlalchemy/dialects/postgresql/asyncpg.py", line 590, in executemany
    return self._adapt_connection.await_(
           ~~~~~~~~~~~~~~~~~~~~~~~~~~~~~^
        self._executemany(operation, seq_of_parameters)
        ^^^^^^^^^^^^^^^^^^^^^^^^^^^^^^^^^^^^^^^^^^^^^^^
    )
    ^
  File "/Users/joshua.lawrence/Documents/Riserve-v8-main/backend/venv/lib/python3.13/site-packages/sqlalchemy/util/_concurrency_py3k.py", line 132, in await_only
    return current.parent.switch(awaitable)  # type: ignore[no-any-return,attr-defined] # noqa: E501
           ~~~~~~~~~~~~~~~~~~~~~^^^^^^^^^^^
  File "/Users/joshua.lawrence/Documents/Riserve-v8-main/backend/venv/lib/python3.13/site-packages/sqlalchemy/util/_concurrency_py3k.py", line 196, in greenlet_spawn
    value = await result
            ^^^^^^^^^^^^
  File "/Users/joshua.lawrence/Documents/Riserve-v8-main/backend/venv/lib/python3.13/site-packages/sqlalchemy/dialects/postgresql/asyncpg.py", line 582, in _executemany
    self._handle_exception(error)
    ~~~~~~~~~~~~~~~~~~~~~~^^^^^^^
  File "/Users/joshua.lawrence/Documents/Riserve-v8-main/backend/venv/lib/python3.13/site-packages/sqlalchemy/dialects/postgresql/asyncpg.py", line 513, in _handle_exception
    self._adapt_connection._handle_exception(error)
    ~~~~~~~~~~~~~~~~~~~~~~~~~~~~~~~~~~~~~~~~^^^^^^^
  File "/Users/joshua.lawrence/Documents/Riserve-v8-main/backend/venv/lib/python3.13/site-packages/sqlalchemy/dialects/postgresql/asyncpg.py", line 797, in _handle_exception
    raise translated_error from error
sqlalchemy.exc.DBAPIError: (sqlalchemy.dialects.postgresql.asyncpg.Error) <class 'asyncpg.exceptions.DataError'>: invalid input for query argument $12 in element #0 of executemany() sequence: '2026-03-02' ('str' object has no attribute 'toordinal')
[SQL: INSERT INTO bookings (id, company_id, outlet_id, customer_id, resource_id, service_id, customer, customer_name, customer_phone, customer_email, time, date, duration, notes, custom_fields, amount, service_amount, items_total, total_amount, items, status, source, created_at) VALUES ($1::VARCHAR, $2::VARCHAR, $3::VARCHAR, $4::VARCHAR, $5::VARCHAR, $6::VARCHAR, $7::VARCHAR, $8::VARCHAR, $9::VARCHAR, $10::VARCHAR, $11::VARCHAR, $12::DATE, $13::INTEGER, $14::VARCHAR, $15::JSONB, $16::NUMERIC(10, 2), $17::NUMERIC(10, 2), $18::NUMERIC(10, 2), $19::NUMERIC(10, 2), $20::JSONB, $21::VARCHAR, $22::VARCHAR, $23::TIMESTAMP WITH TIME ZONE)]
[parameters: [('94260d30-68c9-4693-80f7-7d830aa9db7c', 'c4c35eb4-565d-4fc7-89be-0562ff79e8a4', 'f85be60a-519c-44a1-81a1-08e7a45becd8', '9d011929-7384-4525-9b87-4ecca00f8fd3', 'res_5', '50ebcbbd-55f5-498d-8a4a-99885a9a37ea', 'Ishaan Verma', 'Ishaan Verma', '+919812328278', 'ishaan@example.com', '09:00', '2026-03-02', 60, 'AUTO_SEEDED_BENGALURU', '{}', 1200, 0, 0, 0, '[]', 'Pending', 'app', datetime.datetime(2026, 3, 2, 2, 23, 57, 271341, tzinfo=tzutc())), ('93711eb7-d603-49b6-b511-998df9c76b55', 'c4c35eb4-565d-4fc7-89be-0562ff79e8a4', 'f85be60a-519c-44a1-81a1-08e7a45becd8', '69ed1db4-d021-4d65-8ff7-1e81173335a1', 'res_2', '50ebcbbd-55f5-498d-8a4a-99885a9a37ea', 'Ananya Singh', 'Ananya Singh', '+919897748190', 'ananya@example.com', '18:00', '2026-03-02', 60, 'AUTO_SEEDED_BENGALURU', '{}', 1200, 0, 0, 0, '[]', 'Confirmed', 'app', datetime.datetime(2026, 3, 2, 2, 23, 57, 271341, tzinfo=tzutc())), ('26a65656-818a-4633-9711-8e5ba3259051', 'c4c35eb4-565d-4fc7-89be-0562ff79e8a4', 'f85be60a-519c-44a1-81a1-08e7a45becd8', '808d9349-6311-4462-a94a-2d85e8e6f11c', 'res_1', '71cf6c96-53b8-4736-9dc7-a1bc5dfded7a', 'Ananya Singh', 'Ananya Singh', '+919819983331', 'ananya@example.com', '13:00', '2026-03-02', 45, 'AUTO_SEEDED_BENGALURU', '{}', 800, 0, 0, 0, '[]', 'Pending', 'app', datetime.datetime(2026, 3, 2, 2, 23, 57, 271341, tzinfo=tzutc())), ('4dd840c7-bd28-4d2c-b734-76c18783b67d', 'c4c35eb4-565d-4fc7-89be-0562ff79e8a4', 'f85be60a-519c-44a1-81a1-08e7a45becd8', '158961a3-5322-4d2f-a770-d1840f9502ce', 'res_4', '50ebcbbd-55f5-498d-8a4a-99885a9a37ea', 'Arjun Nair', 'Arjun Nair', '+919836271248', 'arjun@example.com', '10:00', '2026-03-02', 60, 'AUTO_SEEDED_BENGALURU', '{}', 1200, 0, 0, 0, '[]', 'Pending', 'app', datetime.datetime(2026, 3, 2, 2, 23, 57, 271341, tzinfo=tzutc())), ('9094e1f0-20ec-4a02-b10d-c7b00bda8b11', 'c4c35eb4-565d-4fc7-89be-0562ff79e8a4', 'f85be60a-519c-44a1-81a1-08e7a45becd8', '33bc39dd-eb6b-4605-8414-196900869a81', 'res_1', '50ebcbbd-55f5-498d-8a4a-99885a9a37ea', 'Arjun Nair', 'Arjun Nair', '+919848655871', 'arjun@example.com', '10:00', '2026-03-02', 60, 'AUTO_SEEDED_BENGALURU', '{}', 1200, 0, 0, 0, '[]', 'Pending', 'app', datetime.datetime(2026, 3, 2, 2, 23, 57, 271341, tzinfo=tzutc())), ('c398a1e4-fe8d-4b0a-828a-12a88dbcdac6', 'c4c35eb4-565d-4fc7-89be-0562ff79e8a4', 'f85be60a-519c-44a1-81a1-08e7a45becd8', 'cd8f8e72-e680-496a-bea3-6ff7741a21f6', 'res_2', 'f232b3b5-2885-4e74-b502-60d74bebc25c', 'Aarav Patel', 'Aarav Patel', '+919890832817', 'aarav@example.com', '09:00', '2026-03-02', 120, 'AUTO_SEEDED_BENGALURU', '{}', 4500, 0, 0, 0, '[]', 'Confirmed', 'app', datetime.datetime(2026, 3, 2, 2, 23, 57, 271341, tzinfo=tzutc())), ('92189597-6509-4be4-bfd3-e61af0a945b0', 'c4c35eb4-565d-4fc7-89be-0562ff79e8a4', 'f85be60a-519c-44a1-81a1-08e7a45becd8', '0e9a9fe1-bad6-445a-9531-607e830a87fa', 'res_4', 'f232b3b5-2885-4e74-b502-60d74bebc25c', 'Priya Sharma', 'Priya Sharma', '+919861779577', 'priya@example.com', '10:00', '2026-03-03', 120, 'AUTO_SEEDED_BENGALURU', '{}', 4500, 0, 0, 0, '[]', 'Confirmed', 'app', datetime.datetime(2026, 3, 2, 2, 23, 57, 271341, tzinfo=tzutc())), ('3813b154-579f-40e0-a806-ebdca78adfd0', 'c4c35eb4-565d-4fc7-89be-0562ff79e8a4', 'f85be60a-519c-44a1-81a1-08e7a45becd8', '58bff783-f951-4dcd-befc-b6414f41488c', 'res_2', '50ebcbbd-55f5-498d-8a4a-99885a9a37ea', 'Kavya Menon', 'Kavya Menon', '+919862663317', 'kavya@example.com', '12:00', '2026-03-03', 60, 'AUTO_SEEDED_BENGALURU', '{}', 1200, 0, 0, 0, '[]', 'Confirmed', 'app', datetime.datetime(2026, 3, 2, 2, 23, 57, 271341, tzinfo=tzutc()))  ... displaying 10 of 41 total bound parameter sets ...  ('93615797-018d-421f-aa1e-8ae2660af3e6', 'c4c35eb4-565d-4fc7-89be-0562ff79e8a4', 'f85be60a-519c-44a1-81a1-08e7a45becd8', 'e2391972-3ba2-452a-88dc-169124b0dc76', 'res_4', '50ebcbbd-55f5-498d-8a4a-99885a9a37ea', 'Siddharth Rao', 'Siddharth Rao', '+919899238000', 'siddharth@example.com', '11:00', '2026-03-08', 60, 'AUTO_SEEDED_BENGALURU', '{}', 1200, 0, 0, 0, '[]', 'Completed', 'app', datetime.datetime(2026, 3, 2, 2, 23, 57, 271341, tzinfo=tzutc())), ('ca03f079-fd92-4e98-b6d4-037a1871450d', 'c4c35eb4-565d-4fc7-89be-0562ff79e8a4', 'f85be60a-519c-44a1-81a1-08e7a45becd8', 'd2f21fd8-4139-4886-a29f-5602d414e6e3', 'res_2', '50ebcbbd-55f5-498d-8a4a-99885a9a37ea', 'Kavya Menon', 'Kavya Menon', '+919874139068', 'kavya@example.com', '16:00', '2026-03-08', 60, 'AUTO_SEEDED_BENGALURU', '{}', 1200, 0, 0, 0, '[]', 'Confirmed', 'app', datetime.datetime(2026, 3, 2, 2, 23, 57, 271341, tzinfo=tzutc()))]]
(Background on this error at: https://sqlalche.me/e/20/dbapi)
