🚀 Starting MongoDB to PostgreSQL ETL Migration...
Cleaning target Postgres definitions...
Cleaned!
Migrating 1 Companies...
Migrating 3 Services...
Migrating 1 Users...
Migrating 1 Outlets...
Migrated 5 embedded Resources.
Migrating 0 Staff...
Migrating 41 Customers...
Migrating 41 Bookings...
Migrated 41 M-M Booking-Service bindings.
Migrating 0 Transactions...
Migrating 4 HITL Reports...
Migrating 8 Products...
Migrating 0 Inventory Logs...
Migrating 0 Inventory Alerts...
Migrating 0 Slot Configs...
Migrating 0 Promotions...
Migrating 0 Coupons...
Migrating 0 HITL Preferences...
Migrating 0 Leave Balances...
Migrating 0 Onboarding Progress items...
Migrating 0 Onboarding Conversations...
Migrating 0 AI Conversations...
Migrating 0 Audit Logs...
Migrating 0 Dashboard Configs...
Migrating 0 Feedback Configs...
Migrating 0 Feedback items...
Migrating 4 Company Settings...
✅ Migration Complete!
